<?xml version="1.0" encoding="UTF-8"?>
<!-- Generated by org.testng.reporters.JUnitXMLReporter -->
<testsuite ignored="2" hostname="ZTLW101" failures="1" tests="1" name="PositiveTests" time="0.512" errors="0" timestamp="2025-10-07T12:47:51 IST">
  <testcase classname="tests.LoginTestEx" name="validLoginTest" time="0.03">
    <failure type="java.lang.NullPointerException" message="Cannot invoke &amp;quot;org.openqa.selenium.SearchContext.findElement(org.openqa.selenium.By)&amp;quot; because &amp;quot;this.searchContext&amp;quot; is null">
      <![CDATA[java.lang.NullPointerException: Cannot invoke "org.openqa.selenium.SearchContext.findElement(org.openqa.selenium.By)" because "this.searchContext" is null
at org.openqa.selenium.support.pagefactory.DefaultElementLocator.findElement(DefaultElementLocator.java:68)
at org.openqa.selenium.support.pagefactory.internal.LocatingElementHandler.invoke(LocatingElementHandler.java:38)
at jdk.proxy2/jdk.proxy2.$Proxy13.clear(Unknown Source)
at pages.LoginPage.login(LoginPage.java:36)
at tests.LoginTestEx.validLoginTest(LoginTestEx.java:16)
at java.base/java.util.ArrayList.forEach(ArrayList.java:1604)
... Removed 25 stack frames]]>
    </failure>
  </testcase> <!-- validLoginTest -->
  <testcase classname="tests.LoginTestEx" name="invalidLoginTest" time="0.0">
    <ignored/>
  </testcase> <!-- invalidLoginTest -->
  <testcase classname="tests.LoginTestEx" name="emptyUsernameTest" time="0.0">
    <ignored/>
  </testcase> <!-- emptyUsernameTest -->
</testsuite> <!-- PositiveTests -->
