<?xml version="1.0" encoding="UTF-8"?>
<!-- Generated by org.testng.reporters.JUnitXMLReporter -->
<testsuite ignored="2" hostname="ZTLW101" failures="1" tests="1" name="PostiveTests" time="0.524" errors="0" timestamp="2025-10-07T12:58:27 IST">
  <testcase classname="tests.LoginTestEx" name="validLoginTest" time="0.012">
    <failure type="java.lang.NullPointerException" message="Cannot invoke &amp;quot;org.openqa.selenium.WebElement.clear()&amp;quot; because &amp;quot;pages.LoginPage.usernameField&amp;quot; is null">
      <![CDATA[java.lang.NullPointerException: Cannot invoke "org.openqa.selenium.WebElement.clear()" because "pages.LoginPage.usernameField" is null
at pages.LoginPage.login(LoginPage.java:36)
at tests.LoginTestEx.validLoginTest(LoginTestEx.java:22)
at java.base/java.util.ArrayList.forEach(ArrayList.java:1604)
... Removed 25 stack frames]]>
    </failure>
  </testcase> <!-- validLoginTest -->
  <testcase classname="tests.LoginTestEx" name="emptyUsernameTest" time="0.0">
    <ignored/>
  </testcase> <!-- emptyUsernameTest -->
  <testcase classname="tests.LoginTestEx" name="invalidLoginTest" time="0.0">
    <ignored/>
  </testcase> <!-- invalidLoginTest -->
</testsuite> <!-- PostiveTests -->
