<?xml version="1.0" encoding="UTF-8"?>
<!-- Generated by org.testng.reporters.JUnitXMLReporter -->
<testsuite ignored="0" hostname="ZTLW101" failures="0" tests="3" name="SauceDemopTests" time="11.623" errors="0" timestamp="2025-10-07T12:48:57 IST">
  <testcase classname="tests.LoginTestEx" name="emptyUsernameTest" time="0.238"/>
  <testcase classname="tests.LoginTestEx" name="invalidLoginTest" time="0.221"/>
  <testcase classname="tests.LoginTestEx" name="validLoginTest" time="0.565"/>
</testsuite> <!-- SauceDemopTests -->
