<?xml version="1.0" encoding="UTF-8"?>
<!-- Generated by org.testng.reporters.JUnitXMLReporter -->
<testsuite ignored="0" hostname="ZTLW101" failures="0" tests="3" name="NopCommerceTests" time="26.849" errors="0" timestamp="2025-09-26T15:26:00 IST">
  <testcase classname="tests.LoginTest" name="testLoginWithDataProvider" time="1.893"/>
  <testcase classname="tests.LoginTest" name="testLoginWithDataProvider" time="1.553"/>
  <testcase classname="tests.LoginTest" name="testLoginWithDataProvider" time="1.689"/>
</testsuite> <!-- NopCommerceTests -->
