<!DOCTYPE html PUBLIC "-//W3C//DTD XHTML 1.1//EN" "https://www.w3.org/TR/xhtml11/DTD/xhtml11.dtd">
<html xmlns="https://www.w3.org/1999/xhtml">
<head>
<meta http-equiv="content-type" content="text/html; charset=UTF-8"/>
<title>TestNG Report</title>
<style type="text/css">table {margin-bottom:10px;border-collapse:collapse;empty-cells:show}th,td {border:1px solid #009;padding:.25em .5em}th {vertical-align:bottom}td {vertical-align:top}table a {font-weight:bold}.stripe td {background-color: #E6EBF9}.num {text-align:right}.passedodd td {background-color: #3F3}.passedeven td {background-color: #0A0}.skippedodd td {background-color: #DDD}.skippedeven td {background-color: #CCC}.failedodd td,.attn {background-color: #F33}.failedeven td,.stripe .attn {background-color: #D00}.stacktrace {white-space:pre;font-family:monospace}.totop {font-size:85%;text-align:center;border-bottom:2px solid #000}.invisible {display:none}</style>
</head>
<body>
<table>
<tr><th>Test</th><th># Passed</th><th># Skipped</th><th># Retried</th><th># Failed</th><th>Time (ms)</th><th>Included Groups</th><th>Excluded Groups</th></tr>
<tr><th colspan="8">OpenSauceSuite</th></tr>
<tr><td><a href="#t0">SauceDemopTests</a></td><td class="num">0</td><td class="num attn">2</td><td class="num">0</td><td class="num attn">3</td><td class="num">8,452</td><td></td><td></td></tr>
</table>
<table id='summary'><thead><tr><th>Class</th><th>Method</th><th>Start</th><th>Time (ms)</th></tr></thead><tbody><tr><th colspan="4">OpenSauceSuite</th></tr></tbody><tbody id="t0"><tr><th colspan="4">SauceDemopTests &#8212; failed (configuration methods)</th></tr><tr class="failedeven"><td rowspan="1">tests.CartTest</td><td><a href="#m0">setup</a></td><td rowspan="1">1759912882696</td><td rowspan="1">16</td></tr><tr class="failedodd"><td rowspan="1">tests.InventoryTest</td><td><a href="#m1">setup</a></td><td rowspan="1">1759912882668</td><td rowspan="1">20</td></tr><tr><th colspan="4">SauceDemopTests &#8212; failed</th></tr><tr class="failedeven"><td rowspan="3">tests.LoginTest</td><td><a href="#m2">emptyUsernameTest</a></td><td rowspan="1">1759912882056</td><td rowspan="1">1</td></tr><tr class="failedeven"><td><a href="#m3">invalidLoginTest</a></td><td rowspan="1">1759912879451</td><td rowspan="1">1</td></tr><tr class="failedeven"><td><a href="#m4">validLoginTest</a></td><td rowspan="1">1759912876984</td><td rowspan="1">12</td></tr><tr><th colspan="4">SauceDemopTests &#8212; skipped (configuration methods)</th></tr><tr class="skippedeven"><td rowspan="2">tests.CartTest</td><td><a href="#m5">setup</a></td><td rowspan="1">1759912882714</td><td rowspan="1">0</td></tr><tr class="skippedeven"><td><a href="#m6">tearDown</a></td><td rowspan="1">1759912882716</td><td rowspan="1">0</td></tr><tr class="skippedodd"><td rowspan="2">tests.InventoryTest</td><td><a href="#m7">setup</a></td><td rowspan="1">1759912882690</td><td rowspan="1">0</td></tr><tr class="skippedodd"><td><a href="#m8">tearDown</a></td><td rowspan="1">1759912882695</td><td rowspan="1">0</td></tr><tr><th colspan="4">SauceDemopTests &#8212; skipped</th></tr><tr class="skippedeven"><td rowspan="1">tests.CartTest</td><td><a href="#m9">addAndRemoveProductCountTest</a></td><td rowspan="1">1759912882714</td><td rowspan="1">0</td></tr><tr class="skippedodd"><td rowspan="1">tests.InventoryTest</td><td><a href="#m10">validateFilterLowToHigh</a></td><td rowspan="1">1759912882693</td><td rowspan="1">0</td></tr></tbody>
</table>
<h2>SauceDemopTests</h2><h3 id="m0">tests.CartTest#setup</h3><table class="result"><tr><th>Exception</th></tr><tr><td><div class="stacktrace">java.lang.NullPointerException: Cannot invoke &quot;org.openqa.selenium.SearchContext.findElement(org.openqa.selenium.By)&quot; because &quot;this.searchContext&quot; is null
	at org.openqa.selenium.support.pagefactory.DefaultElementLocator.findElement(DefaultElementLocator.java:68)
	at org.openqa.selenium.support.pagefactory.internal.LocatingElementHandler.invoke(LocatingElementHandler.java:38)
	at jdk.proxy2/jdk.proxy2.$Proxy28.isDisplayed(Unknown Source)
	at org.openqa.selenium.support.ui.ExpectedConditions.elementIfVisible(ExpectedConditions.java:304)
	at org.openqa.selenium.support.ui.ExpectedConditions$10.apply(ExpectedConditions.java:290)
	at org.openqa.selenium.support.ui.ExpectedConditions$10.apply(ExpectedConditions.java:287)
	at org.openqa.selenium.support.ui.FluentWait.until(FluentWait.java:203)
	at utils.WaitUtils.waitForVisibility(WaitUtils.java:20)
	at pages.LoginPage.login(LoginPage.java:30)
	at tests.CartTest.setup(CartTest.java:30)
	at java.base/java.util.ArrayList.forEach(ArrayList.java:1604)
... Removed 23 stack frames</div></td></tr></table><p class="totop"><a href="#summary">back to summary</a></p>
<h3 id="m1">tests.InventoryTest#setup</h3><table class="result"><tr><th>Exception</th></tr><tr><td><div class="stacktrace">java.lang.NullPointerException: Cannot invoke &quot;org.openqa.selenium.SearchContext.findElement(org.openqa.selenium.By)&quot; because &quot;this.searchContext&quot; is null
	at org.openqa.selenium.support.pagefactory.DefaultElementLocator.findElement(DefaultElementLocator.java:68)
	at org.openqa.selenium.support.pagefactory.internal.LocatingElementHandler.invoke(LocatingElementHandler.java:38)
	at jdk.proxy2/jdk.proxy2.$Proxy28.isDisplayed(Unknown Source)
	at org.openqa.selenium.support.ui.ExpectedConditions.elementIfVisible(ExpectedConditions.java:304)
	at org.openqa.selenium.support.ui.ExpectedConditions$10.apply(ExpectedConditions.java:290)
	at org.openqa.selenium.support.ui.ExpectedConditions$10.apply(ExpectedConditions.java:287)
	at org.openqa.selenium.support.ui.FluentWait.until(FluentWait.java:203)
	at utils.WaitUtils.waitForVisibility(WaitUtils.java:20)
	at pages.LoginPage.login(LoginPage.java:30)
	at tests.InventoryTest.setup(InventoryTest.java:31)
	at java.base/java.util.ArrayList.forEach(ArrayList.java:1604)
... Removed 23 stack frames</div></td></tr></table><p class="totop"><a href="#summary">back to summary</a></p>
<h3 id="m2">tests.LoginTest#emptyUsernameTest</h3><table class="result"><tr class="param"><th>Parameter #1</th><th>Parameter #2</th><th>Parameter #3</th></tr><tr class="param stripe"><td></td><td>secret_sauce</td><td>FALSE</td></tr><tr><th colspan="3">Exception</th></tr><tr><td colspan="3"><div class="stacktrace">java.lang.NullPointerException: Cannot invoke &quot;org.openqa.selenium.SearchContext.findElement(org.openqa.selenium.By)&quot; because &quot;this.searchContext&quot; is null
	at org.openqa.selenium.support.pagefactory.DefaultElementLocator.findElement(DefaultElementLocator.java:68)
	at org.openqa.selenium.support.pagefactory.internal.LocatingElementHandler.invoke(LocatingElementHandler.java:38)
	at jdk.proxy2/jdk.proxy2.$Proxy28.isDisplayed(Unknown Source)
	at org.openqa.selenium.support.ui.ExpectedConditions.elementIfVisible(ExpectedConditions.java:304)
	at org.openqa.selenium.support.ui.ExpectedConditions$10.apply(ExpectedConditions.java:290)
	at org.openqa.selenium.support.ui.ExpectedConditions$10.apply(ExpectedConditions.java:287)
	at org.openqa.selenium.support.ui.FluentWait.until(FluentWait.java:203)
	at utils.WaitUtils.waitForVisibility(WaitUtils.java:20)
	at pages.LoginPage.login(LoginPage.java:30)
	at tests.LoginTest.emptyUsernameTest(LoginTest.java:44)
	at java.base/java.util.ArrayList.forEach(ArrayList.java:1604)
... Removed 25 stack frames</div></td></tr></table><p class="totop"><a href="#summary">back to summary</a></p>
<h3 id="m3">tests.LoginTest#invalidLoginTest</h3><table class="result"><tr class="param"><th>Parameter #1</th><th>Parameter #2</th><th>Parameter #3</th></tr><tr class="param stripe"><td>invalid_user</td><td>wrong_pass</td><td>FALSE</td></tr><tr><th colspan="3">Exception</th></tr><tr><td colspan="3"><div class="stacktrace">java.lang.NullPointerException: Cannot invoke &quot;org.openqa.selenium.SearchContext.findElement(org.openqa.selenium.By)&quot; because &quot;this.searchContext&quot; is null
	at org.openqa.selenium.support.pagefactory.DefaultElementLocator.findElement(DefaultElementLocator.java:68)
	at org.openqa.selenium.support.pagefactory.internal.LocatingElementHandler.invoke(LocatingElementHandler.java:38)
	at jdk.proxy2/jdk.proxy2.$Proxy28.isDisplayed(Unknown Source)
	at org.openqa.selenium.support.ui.ExpectedConditions.elementIfVisible(ExpectedConditions.java:304)
	at org.openqa.selenium.support.ui.ExpectedConditions$10.apply(ExpectedConditions.java:290)
	at org.openqa.selenium.support.ui.ExpectedConditions$10.apply(ExpectedConditions.java:287)
	at org.openqa.selenium.support.ui.FluentWait.until(FluentWait.java:203)
	at utils.WaitUtils.waitForVisibility(WaitUtils.java:20)
	at pages.LoginPage.login(LoginPage.java:30)
	at tests.LoginTest.invalidLoginTest(LoginTest.java:36)
	at java.base/java.util.ArrayList.forEach(ArrayList.java:1604)
... Removed 25 stack frames</div></td></tr></table><p class="totop"><a href="#summary">back to summary</a></p>
<h3 id="m4">tests.LoginTest#validLoginTest</h3><table class="result"><tr class="param"><th>Parameter #1</th><th>Parameter #2</th><th>Parameter #3</th></tr><tr class="param stripe"><td>standard_user</td><td>secret_sauce</td><td>TRUE</td></tr><tr><th colspan="3">Exception</th></tr><tr><td colspan="3"><div class="stacktrace">java.lang.NullPointerException: Cannot invoke &quot;org.openqa.selenium.SearchContext.findElement(org.openqa.selenium.By)&quot; because &quot;this.searchContext&quot; is null
	at org.openqa.selenium.support.pagefactory.DefaultElementLocator.findElement(DefaultElementLocator.java:68)
	at org.openqa.selenium.support.pagefactory.internal.LocatingElementHandler.invoke(LocatingElementHandler.java:38)
	at jdk.proxy2/jdk.proxy2.$Proxy28.isDisplayed(Unknown Source)
	at org.openqa.selenium.support.ui.ExpectedConditions.elementIfVisible(ExpectedConditions.java:304)
	at org.openqa.selenium.support.ui.ExpectedConditions$10.apply(ExpectedConditions.java:290)
	at org.openqa.selenium.support.ui.ExpectedConditions$10.apply(ExpectedConditions.java:287)
	at org.openqa.selenium.support.ui.FluentWait.until(FluentWait.java:203)
	at utils.WaitUtils.waitForVisibility(WaitUtils.java:20)
	at pages.LoginPage.login(LoginPage.java:30)
	at tests.LoginTest.validLoginTest(LoginTest.java:28)
	at java.base/java.util.ArrayList.forEach(ArrayList.java:1604)
... Removed 25 stack frames</div></td></tr></table><p class="totop"><a href="#summary">back to summary</a></p>
<h3 id="m5">tests.CartTest#setup</h3><table class="result"><tr><th class="invisible"/></tr></table><p class="totop"><a href="#summary">back to summary</a></p>
<h3 id="m6">tests.CartTest#tearDown</h3><table class="result"><tr><th class="invisible"/></tr></table><p class="totop"><a href="#summary">back to summary</a></p>
<h3 id="m7">tests.InventoryTest#setup</h3><table class="result"><tr><th class="invisible"/></tr></table><p class="totop"><a href="#summary">back to summary</a></p>
<h3 id="m8">tests.InventoryTest#tearDown</h3><table class="result"><tr><th class="invisible"/></tr></table><p class="totop"><a href="#summary">back to summary</a></p>
<h3 id="m9">tests.CartTest#addAndRemoveProductCountTest</h3><table class="result"><tr><th>Exception</th></tr><tr><td><div class="stacktrace">java.lang.NullPointerException: Cannot invoke &quot;org.openqa.selenium.SearchContext.findElement(org.openqa.selenium.By)&quot; because &quot;this.searchContext&quot; is null
	at org.openqa.selenium.support.pagefactory.DefaultElementLocator.findElement(DefaultElementLocator.java:68)
	at org.openqa.selenium.support.pagefactory.internal.LocatingElementHandler.invoke(LocatingElementHandler.java:38)
	at jdk.proxy2/jdk.proxy2.$Proxy28.isDisplayed(Unknown Source)
	at org.openqa.selenium.support.ui.ExpectedConditions.elementIfVisible(ExpectedConditions.java:304)
	at org.openqa.selenium.support.ui.ExpectedConditions$10.apply(ExpectedConditions.java:290)
	at org.openqa.selenium.support.ui.ExpectedConditions$10.apply(ExpectedConditions.java:287)
	at org.openqa.selenium.support.ui.FluentWait.until(FluentWait.java:203)
	at utils.WaitUtils.waitForVisibility(WaitUtils.java:20)
	at pages.LoginPage.login(LoginPage.java:30)
	at tests.CartTest.setup(CartTest.java:30)
	at java.base/java.util.ArrayList.forEach(ArrayList.java:1604)
... Removed 23 stack frames</div></td></tr></table><p class="totop"><a href="#summary">back to summary</a></p>
<h3 id="m10">tests.InventoryTest#validateFilterLowToHigh</h3><table class="result"><tr><th>Exception</th></tr><tr><td><div class="stacktrace">java.lang.NullPointerException: Cannot invoke &quot;org.openqa.selenium.SearchContext.findElement(org.openqa.selenium.By)&quot; because &quot;this.searchContext&quot; is null
	at org.openqa.selenium.support.pagefactory.DefaultElementLocator.findElement(DefaultElementLocator.java:68)
	at org.openqa.selenium.support.pagefactory.internal.LocatingElementHandler.invoke(LocatingElementHandler.java:38)
	at jdk.proxy2/jdk.proxy2.$Proxy28.isDisplayed(Unknown Source)
	at org.openqa.selenium.support.ui.ExpectedConditions.elementIfVisible(ExpectedConditions.java:304)
	at org.openqa.selenium.support.ui.ExpectedConditions$10.apply(ExpectedConditions.java:290)
	at org.openqa.selenium.support.ui.ExpectedConditions$10.apply(ExpectedConditions.java:287)
	at org.openqa.selenium.support.ui.FluentWait.until(FluentWait.java:203)
	at utils.WaitUtils.waitForVisibility(WaitUtils.java:20)
	at pages.LoginPage.login(LoginPage.java:30)
	at tests.InventoryTest.setup(InventoryTest.java:31)
	at java.base/java.util.ArrayList.forEach(ArrayList.java:1604)
... Removed 23 stack frames</div></td></tr></table><p class="totop"><a href="#summary">back to summary</a></p>
</body>
</html>
