<?xml version="1.0" encoding="UTF-8"?>
<!-- Generated by org.testng.reporters.JUnitReportReporter -->
<testsuite hostname="ZTLW101" failures="0" tests="3" name="tests.LoginTestEx" time="1.452" errors="0" timestamp="2025-10-07T15:41:07 IST" skipped="0">
  <testcase classname="tests.LoginTestEx" name="validLoginTest" time="0.364"/>
  <testcase classname="tests.LoginTestEx" name="emptyUsernameTest" time="0.527"/>
  <testcase classname="tests.LoginTestEx" name="invalidLoginTest" time="0.561"/>
</testsuite> <!-- tests.LoginTestEx -->
