<?xml version="1.0" encoding="UTF-8"?>
<!-- Generated by org.testng.reporters.JUnitReportReporter -->
<testsuite hostname="ZTLW101" failures="0" tests="3" name="utils.ExcelUtils" time="0.039" errors="0" timestamp="2025-10-07T07:07:35 IST" skipped="0">
  <testcase classname="utils.ExcelUtils" name="testCaseData" time="0.002"/>
  <testcase classname="utils.ExcelUtils" name="testCaseData" time="0.036"/>
  <testcase classname="utils.ExcelUtils" name="testCaseData" time="0.001"/>
</testsuite> <!-- utils.ExcelUtils -->
